Building library mbed-os-lib (K64F, GCC_ARM)
Scan: .
Scan: FEATURE_LWIP
Scan: FEATURE_STORAGE
Copy: mbed.h
Copy: EthInterface.h
Copy: NetworkStack.h
Copy: emac_stack_mem.h
Copy: WiFiInterface.h
Copy: TCPServer.h
Copy: nsapi_types.h
Copy: UDPSocket.h
Copy: nsapi.h
Copy: MeshInterface.h
Copy: TCPSocket.h
Copy: CellularBase.h
Copy: nsapi_ppp.h
Copy: NetworkInterface.h
Copy: SocketAddress.h
Copy: CellularInterface.h
Copy: nsapi_dns.h
Copy: Socket.h
Copy: WiFiAccessPoint.h
Copy: onboard_modem_api.h
Copy: UARTCellularInterface.h
Copy: OnboardCellularInterface.h
Copy: PPPCellularInterface.h
Copy: APN_db.h
Copy: platform_mbed.h
Copy: md4.h
Copy: ssl_cookie.h
Copy: platform.h
Copy: pem.h
Copy: check_config.h
Copy: platform_time.h
Copy: ssl_cache.h
Copy: ecjpake.h
Copy: debug.h
Copy: pk_internal.h
Copy: sha256.h
Copy: bn_mul.h
Copy: rsa.h
Copy: md.h
Copy: net_sockets.h
Copy: md2.h
Copy: certs.h
Copy: ssl_ciphersuites.h
Copy: padlock.h
Copy: gcm.h
Copy: camellia.h
Copy: hmac_drbg.h
Copy: blowfish.h
Copy: ssl.h
Copy: ctr_drbg.h
Copy: ecp_internal.h
Copy: config-no-entropy.h
Copy: ecp.h
Copy: cipher_internal.h
Copy: aesni.h
Copy: ecdh.h
Copy: sha512.h
Copy: threading.h
Copy: ripemd160.h
Copy: cmac.h
Copy: error.h
Copy: entropy.h
Copy: ccm.h
Copy: timing.h
Copy: sha1.h
Copy: arc4.h
Copy: x509_csr.h
Copy: oid.h
Copy: ssl_internal.h
Copy: bignum.h
Copy: entropy_poll.h
Copy: net.h
Copy: asn1write.h
Copy: des.h
Copy: version.h
Copy: ssl_ticket.h
Copy: dhm.h
Copy: pkcs11.h
Copy: compat-1.3.h
Copy: aes.h
Copy: pkcs5.h
Copy: xtea.h
Copy: md5.h
Copy: pkcs12.h
Copy: ecdsa.h
Copy: md_internal.h
Copy: asn1.h
Copy: x509_crl.h
Copy: x509.h
Copy: havege.h
Copy: cipher.h
Copy: base64.h
Copy: pk.h
Copy: x509_crt.h
Copy: config.h
Copy: memory_buffer_alloc.h
Copy: utest_scheduler.h
Copy: utest_default_handlers.h
Copy: utest.h
Copy: utest_case.h
Copy: unity_handler.h
Copy: utest_harness.h
Copy: utest_stack_trace.h
Copy: utest_serial.h
Copy: utest_specification.h
Copy: utest_types.h
Copy: utest_shim.h
Copy: test_env.h
Copy: greentea_serial.h
Copy: greentea_metrics.h
Copy: unity_config.h
Copy: unity_internals.h
Copy: unity.h
Copy: FileSystem.h
Copy: File.h
Copy: Dir.h
Copy: mbed_filesystem.h
Copy: BlockDevice.h
Copy: MBRBlockDevice.h
Copy: HeapBlockDevice.h
Copy: SlicingBlockDevice.h
Copy: ChainingBlockDevice.h
Copy: ProfilingBlockDevice.h
Copy: FATFileSystem.h
Copy: ffconf.h
Copy: diskio.h
Copy: ff.h
Copy: integer.h
Copy: mbed_mktime.h
Copy: platform.h
Copy: FilePath.h
Copy: mbed_debug.h
Copy: mbed_rtc_time.h
Copy: mbed_wait_api.h
Copy: LocalFileSystem.h
Copy: FileHandle.h
Copy: mbed_stats.h
Copy: mbed_mem_trace.h
Copy: mbed_semihost_api.h
Copy: DirHandle.h
Copy: CallChain.h
Copy: wait_api.h
Copy: PlatformMutex.h
Copy: toolchain.h
Copy: mbed_assert.h
Copy: mbed_preprocessor.h
Copy: SingletonPtr.h
Copy: mbed_application.h
Copy: mbed_critical.h
Copy: FileSystemLike.h
Copy: CriticalSectionLock.h
Copy: FunctionPointer.h
Copy: mbed_poll.h
Copy: mbed_interface.h
Copy: rtc_time.h
Copy: Stream.h
Copy: ATCmdParser.h
Copy: CThunk.h
Copy: DeepSleepLock.h
Copy: mbed_error.h
Copy: FileLike.h
Copy: Transaction.h
Copy: mbed_sleep.h
Copy: NonCopyable.h
Copy: Callback.h
Copy: FileSystemHandle.h
Copy: sleep.h
Copy: semihost_api.h
Copy: critical.h
Copy: mbed_toolchain.h
Copy: FileBase.h
Copy: mbed_retarget.h
Copy: CircularBuffer.h
Copy: UARTSerial.h
Copy: DigitalIn.h
Copy: DigitalInOut.h
Copy: LowPowerTimer.h
Copy: Ticker.h
Copy: PortOut.h
Copy: LowPowerTicker.h
Copy: TimerEvent.h
Copy: LowPowerTimeout.h
Copy: InterruptManager.h
Copy: RawSerial.h
Copy: DigitalOut.h
Copy: Timeout.h
Copy: PortIn.h
Copy: SPISlave.h
Copy: BusOut.h
Copy: BusIn.h
Copy: I2C.h
Copy: PortInOut.h
Copy: InterruptIn.h
Copy: AnalogIn.h
Copy: FlashIAP.h
Copy: SPI.h
Copy: SerialBase.h
Copy: Timer.h
Copy: PwmOut.h
Copy: BusInOut.h
Copy: AnalogOut.h
Copy: I2CSlave.h
Copy: Serial.h
Copy: CAN.h
Copy: Ethernet.h
Copy: mbed_rtx.h
Copy: peripheral_clock_defines.h
Copy: dma_reqs.h
Copy: PinNames.h
Copy: fsl_clock_config.h
Copy: PeripheralNames.h
Copy: fsl_phy.h
Copy: crc.h
Copy: device.h
Copy: fsl_enet.h
Copy: fsl_clock.h
Copy: fsl_cmp.h
Copy: fsl_dac.h
Copy: fsl_ewm.h
Copy: fsl_sim.h
Copy: fsl_wdog.h
Copy: fsl_i2c.h
Copy: fsl_vref.h
Copy: fsl_lptmr.h
Copy: fsl_flash.h
Copy: fsl_i2c_edma.h
Copy: fsl_dmamux.h
Copy: fsl_common.h
Copy: fsl_dspi_edma.h
Copy: fsl_gpio.h
Copy: fsl_rtc.h
Copy: fsl_pit.h
Copy: fsl_smc.h
Copy: fsl_uart_edma.h
Copy: fsl_edma.h
Copy: fsl_rcm.h
Copy: fsl_adc16.h
Copy: fsl_pmc.h
Copy: fsl_sdhc.h
Copy: fsl_mpu.h
Copy: fsl_cmt.h
Copy: fsl_flexbus.h
Copy: fsl_flexcan.h
Copy: fsl_ftm.h
Copy: fsl_sai.h
Copy: fsl_sai_edma.h
Copy: fsl_port.h
Copy: fsl_llwu.h
Copy: fsl_uart.h
Copy: fsl_rnga.h
Copy: fsl_pdb.h
Copy: fsl_dspi.h
Copy: fsl_crc.h
Copy: fsl_device_registers.h
Copy: MK64F12.h
Copy: MK64F12_features.h
Copy: cmsis_nvic.h
Copy: system_MK64F12.h
Copy: cmsis.h
Copy: PeripheralPins.h
Copy: PortNames.h
Copy: dma_api_hal.h
Copy: objects.h
Copy: gpio_object.h
Copy: ethernet_api.h
Copy: dma_api.h
Copy: rtc_api.h
Copy: port_api.h
Copy: analogin_api.h
Copy: lp_ticker_api.h
Copy: can_helper.h
Copy: can_api.h
Copy: analogout_api.h
Copy: i2c_api.h
Copy: pinmap.h
Copy: pwmout_api.h
Copy: trng_api.h
Copy: gpio_irq_api.h
Copy: buffer.h
Copy: emac_api.h
Copy: gpio_api.h
Copy: us_ticker_api.h
Copy: sleep_api.h
Copy: flash_api.h
Copy: ticker_api.h
Copy: serial_api.h
Copy: spi_api.h
Copy: Driver_Storage.h
Copy: Driver_Common.h
Copy: mbed_shared_queues.h
Copy: EventQueue.h
Copy: Event.h
Copy: mbed_events.h
Copy: equeue.h
Copy: equeue_platform.h
Copy: Queue.h
Copy: rtos_idle.h
Copy: Mail.h
Copy: rtos.h
Copy: Mutex.h
Copy: Semaphore.h
Copy: Thread.h
Copy: MemoryPool.h
Copy: RtosTimer.h
Copy: EventFlags.h
Copy: mbed_rtx_conf.h
Copy: mbed_rtos_storage.h
Copy: mbed_rtos1_types.h
Copy: rtx_evr.h
Copy: cmsis_os2.h
Copy: rt_OsEventObserver.h
Copy: core_cm.h
Copy: RTX_Config.h
Copy: rtx_os.h
Copy: rtx_lib.h
Copy: cmsis_os.h
Copy: core_armv8mml.h
Copy: core_ca.h
Copy: core_cm4.h
Copy: core_cmSecureAccess.h
Copy: tz_context.h
Copy: core_cm3.h
Copy: core_cm33.h
Copy: core_cm23.h
Copy: core_armv8mbl.h
Copy: core_sc000.h
Copy: arm_math.h
Copy: core_sc300.h
Copy: core_cm0plus.h
Copy: core_cm7.h
Copy: core_cm0.h
Copy: cmsis_compiler.h
Copy: cmsis_gcc.h
Copy: lwipopts.h
Copy: lwip_stack.h
Copy: ppp_lwip.h
Copy: eth_arch.h
Copy: EthernetInterface.h
Copy: lwip_random.h
Copy: lwip_tcp_isn.h
Copy: sys_arch.h
Copy: cc.h
Copy: perf.h
Copy: timeouts.h
Copy: def.h
Copy: init.h
Copy: ethip6.h
Copy: netdb.h
Copy: ip6_addr.h
Copy: igmp.h
Copy: dhcp6.h
Copy: debug.h
Copy: ip4_addr.h
Copy: opt.h
Copy: icmp6.h
Copy: netifapi.h
Copy: etharp.h
Copy: snmp.h
Copy: dhcp.h
Copy: dns.h
Copy: raw.h
Copy: icmp.h
Copy: memp.h
Copy: autoip.h
Copy: mld6.h
Copy: sys.h
Copy: ip4_frag.h
Copy: arch.h
Copy: tcpip.h
Copy: ip_addr.h
Copy: inet_chksum.h
Copy: ip4.h
Copy: tcp.h
Copy: netif.h
Copy: api.h
Copy: ip6.h
Copy: netbuf.h
Copy: inet.h
Copy: udp.h
Copy: sio.h
Copy: ip.h
Copy: pbuf.h
Copy: ip6_frag.h
Copy: stats.h
Copy: sockets.h
Copy: mem.h
Copy: nd6.h
Copy: lwip_errno.h
Copy: err.h
Copy: tcpip_priv.h
Copy: tcp_priv.h
Copy: memp_std.h
Copy: nd6_priv.h
Copy: memp_priv.h
Copy: api_msg.h
Copy: igmp.h
Copy: icmp6.h
Copy: etharp.h
Copy: dhcp.h
Copy: dns.h
Copy: icmp.h
Copy: autoip.h
Copy: mld6.h
Copy: ip4.h
Copy: tcp.h
Copy: ip6.h
Copy: udp.h
Copy: ip.h
Copy: lwip_ethernet.h
Copy: nd6.h
Copy: etharp.h
Copy: lowpan6_opts.h
Copy: lowpan6.h
Copy: slipif.h
Copy: lwip_ethernet.h
Copy: chap-new.h
Copy: ccp.h
Copy: eap.h
Copy: pppdebug.h
Copy: fsm.h
Copy: mppe.h
Copy: ipv6cp.h
Copy: pppapi.h
Copy: ipcp.h
Copy: ppp.h
Copy: ppp_opts.h
Copy: lcp.h
Copy: ecp.h
Copy: magic.h
Copy: chap-md5.h
Copy: ppp_impl.h
Copy: vj.h
Copy: pppos.h
Copy: pppoe.h
Copy: upap.h
Copy: pppol2tp.h
Copy: pppcrypt.h
Copy: chap_ms.h
Copy: eui64.h
Copy: md4.h
Copy: sha1.h
Copy: arc4.h
Copy: des.h
Copy: md5.h
Copy: k64f_emac_config.h
Copy: lwipopts_conf.h
Copy: storage_volume_manager.h
Copy: cfstore_fnmatch.h
Copy: cfstore_list.h
Copy: cfstore_test.h
Copy: cfstore_svm.h
Copy: cfstore_debug.h
Copy: cfstore_utest.h
Copy: cfstore_uvisor.h
Copy: cfstore_config.h
Copy: configuration_store.h
Copy: flash_journal.h
Copy: flash_journal_private.h
Copy: support_funcs.h
Copy: flash_journal_crc.h
Copy: flash_journal_strategy_sequential.h
Copy: doxygen_options.json
Copy: mbed_lib.json
Copy: mbed_lib.json
Copy: mbed_lib.json
Copy: mbed_lib.json
Copy: mbed_lib.json
Copy: mbed_lib.json
Copy: targets.json
Copy: mbed_lib.json
Copy: mbed_lib.json
Copy: mbed_lib.json
Copy: mbed_lib.json
Copy: MK64FN1M0xxx12.ld
[DEBUG] Macros: -DFEATURE_LWIP=1 -D__MBED__=1 -DDEVICE_I2CSLAVE=1 -D__FPU_PRESENT=1 -DTARGET_Freescale -DDEVICE_PORTINOUT=1 -DTARGET_RTOS_M4_M7 -DDEVICE_LOWPOWERTIMER=1 -DDEVICE_RTC=1 -DTOOLCHAIN_object -DDEVICE_SERIAL_ASYNCH=1 -D__CMSIS_RTOS -DFSL_RTOS_MBED -DDEVICE_STORAGE=1 -DTARGET_KPSDK_MCUS -DTOOLCHAIN_GCC -DTARGET_CORTEX_M -DTARGET_KSDK2_MCUS -DTARGET_LIKE_CORTEX_M4 -DDEVICE_ANALOGOUT=1 -DTARGET_M4 -DTARGET_UVISOR_UNSUPPORTED -DTARGET_K64F -DDEVICE_SPI_ASYNCH=1 -DDEVICE_PWMOUT=1 -DDEVICE_INTERRUPTIN=1 -DTARGET_CORTEX -DDEVICE_I2C=1 -DDEVICE_PORTOUT=1 -D__CORTEX_M4 -DDEVICE_STDIO_MESSAGES=1 -DCPU_MK64FN1M0VMD12 -DTARGET_LIKE_MBED -DTARGET_FF_ARDUINO -DTARGET_KPSDK_CODE -DTARGET_RELEASE -DDEVICE_SERIAL_FC=1 -DFEATURE_STORAGE=1 -DDEVICE_TRNG=1 -D__MBED_CMSIS_RTOS_CM -DDEVICE_SLEEP=1 -DTOOLCHAIN_GCC_ARM -DMBED_BUILD_TIMESTAMP=1510536615.63 -DTARGET_FRDM -DTARGET_MCUXpresso_MCUS -DDEVICE_SPI=1 -DDEVICE_SPISLAVE=1 -DDEVICE_ANALOGIN=1 -DDEVICE_SERIAL=1 -DDEVICE_FLASH=1 -DDEVICE_PORTIN=1 -DTARGET_MCU_K64F -DARM_MATH_CM4
Library: libmbed-os-lib.a
[DEBUG] Return: 0

Completed in: (0.16)s

Build successes:
  * GCC_ARM::K64F
[mbed] Working path "/home/jeff/development/personal/mbed/frdm-fan-control/ext/mbed-os-lib" (program)
[mbed] Exec "/usr/bin/python -u /home/jeff/development/personal/mbed/frdm-fan-control/ext/mbed-os-lib/mbed-os/tools/build.py -t GCC_ARM -m K64F --source . --build ../mbed-build -c -v" in /home/jeff/development/personal/mbed/frdm-fan-control/ext/mbed-os-lib
